[2025-08-29 14:30:33] [INFO] Falsification Launcher initialized - Session: 20250829_143033
[2025-08-29 14:30:33] [INFO] ================================================================================
[2025-08-29 14:30:33] [INFO] STARTING AGGRESSIVE FALSIFICATION PROTOCOL
[2025-08-29 14:30:33] [INFO] Session ID: 20250829_143033
[2025-08-29 14:30:33] [INFO] Results directory: falsification_results/session_20250829_143033
[2025-08-29 14:30:33] [INFO] ================================================================================
[2025-08-29 14:30:33] [INFO] 
============================================================
[2025-08-29 14:30:33] [INFO] PHASE 1: STATISTICAL BOMBARDMENT
[2025-08-29 14:30:33] [INFO] ============================================================
[2025-08-29 14:30:33] [INFO] [Phase1] Starting statistical bombardment: 100 trials
[2025-08-29 14:30:33] [INFO] [Phase1] Using 2 parallel workers
[2025-08-29 14:30:35] [INFO] [Phase1] Completed 10/100 trials
[2025-08-29 14:30:36] [INFO] [Phase1] Completed 20/100 trials
[2025-08-29 14:30:37] [INFO] [Phase1] Completed 30/100 trials
[2025-08-29 14:30:38] [INFO] [Phase1] Completed 40/100 trials
[2025-08-29 14:30:39] [INFO] [Phase1] Completed 50/100 trials
[2025-08-29 14:30:39] [INFO] Checkpoint saved: phase1_statistical_50_1756503039.pkl
[2025-08-29 14:30:39] [INFO] Git commit successful: Checkpoint: phase1_statistical iteration 50
[2025-08-29 14:30:40] [INFO] [Phase1] Completed 60/100 trials
[2025-08-29 14:30:42] [INFO] [Phase1] Completed 70/100 trials
[2025-08-29 14:30:43] [INFO] [Phase1] Completed 80/100 trials
[2025-08-29 14:30:44] [INFO] [Phase1] Completed 90/100 trials
[2025-08-29 14:30:45] [INFO] [Phase1] Completed 100/100 trials
[2025-08-29 14:30:45] [INFO] Checkpoint saved: phase1_statistical_100_1756503045.pkl
