[2025-08-29 14:29:06] [INFO] Falsification Launcher initialized - Session: 20250829_142906
[2025-08-29 14:29:06] [INFO] [Phase2] Starting Control Gauntlet
[2025-08-29 14:29:06] [INFO] [Phase2] Running 8 control tests
[2025-08-29 14:29:06] [INFO] [Phase2] Running control: shuffled_sequences
[2025-08-29 14:29:06] [INFO] [Phase2]   shuffled_sequences: PASSED (expected: FAIL)
[2025-08-29 14:29:06] [INFO] Checkpoint saved: phase2_controls_1_1756502946.pkl
[2025-08-29 14:29:06] [INFO] Git commit successful: Checkpoint: phase2_controls iteration 1
[2025-08-29 14:29:06] [INFO] [Phase2] Running control: shuffled_labels
[2025-08-29 14:29:06] [INFO] [Phase2]   shuffled_labels: PASSED (expected: FAIL)
[2025-08-29 14:29:06] [INFO] Checkpoint saved: phase2_controls_2_1756502946.pkl
[2025-08-29 14:29:06] [INFO] Git commit successful: Checkpoint: phase2_controls iteration 2
[2025-08-29 14:29:06] [INFO] [Phase2] Running control: pure_random_data
[2025-08-29 14:29:06] [INFO] [Phase2]   pure_random_data: PASSED (expected: FAIL)
[2025-08-29 14:29:06] [INFO] Checkpoint saved: phase2_controls_3_1756502946.pkl
[2025-08-29 14:29:06] [INFO] Git commit successful: Checkpoint: phase2_controls iteration 3
[2025-08-29 14:29:06] [INFO] [Phase2] Running control: white_noise
[2025-08-29 14:29:07] [INFO] [Phase2]   white_noise: PASSED (expected: FAIL)
[2025-08-29 14:29:07] [INFO] Checkpoint saved: phase2_controls_4_1756502947.pkl
[2025-08-29 14:29:07] [INFO] Git commit successful: Checkpoint: phase2_controls iteration 4
[2025-08-29 14:29:07] [INFO] [Phase2] Running control: structured_but_unrelated
[2025-08-29 14:29:07] [INFO] [Phase2]   structured_but_unrelated: PASSED (expected: FAIL)
[2025-08-29 14:29:07] [INFO] Checkpoint saved: phase2_controls_5_1756502947.pkl
