[2025-08-29 15:16:00] [INFO] Falsification Launcher initialized - Session: 20250829_151600
[2025-08-29 15:16:00] [INFO] ================================================================================
[2025-08-29 15:16:00] [INFO] STARTING AGGRESSIVE FALSIFICATION PROTOCOL
[2025-08-29 15:16:00] [INFO] Session ID: 20250829_151600
[2025-08-29 15:16:00] [INFO] Results directory: falsification_results/session_20250829_151600
[2025-08-29 15:16:00] [INFO] ================================================================================
[2025-08-29 15:16:00] [INFO] 
============================================================
[2025-08-29 15:16:00] [INFO] PHASE 1: STATISTICAL BOMBARDMENT
[2025-08-29 15:16:00] [INFO] ============================================================
[2025-08-29 15:16:00] [INFO] [Phase1] Starting statistical bombardment: 100 trials
[2025-08-29 15:16:00] [INFO] [Phase1] Using 2 parallel workers
[2025-08-29 15:16:02] [INFO] [Phase1] Completed 10/100 trials
[2025-08-29 15:16:03] [INFO] [Phase1] Completed 20/100 trials
[2025-08-29 15:16:04] [INFO] [Phase1] Completed 30/100 trials
[2025-08-29 15:16:05] [INFO] [Phase1] Completed 40/100 trials
[2025-08-29 15:16:06] [INFO] [Phase1] Completed 50/100 trials
[2025-08-29 15:16:06] [INFO] Checkpoint saved: phase1_statistical_50_1756505766.pkl
[2025-08-29 15:16:06] [INFO] Git commit successful: Checkpoint: phase1_statistical iteration 50
[2025-08-29 15:16:07] [INFO] [Phase1] Completed 60/100 trials
[2025-08-29 15:16:08] [INFO] [Phase1] Completed 70/100 trials
[2025-08-29 15:16:09] [INFO] [Phase1] Completed 80/100 trials
[2025-08-29 15:16:10] [INFO] [Phase1] Completed 90/100 trials
[2025-08-29 15:16:11] [INFO] [Phase1] Completed 100/100 trials
[2025-08-29 15:16:11] [INFO] Checkpoint saved: phase1_statistical_100_1756505771.pkl
[2025-08-29 15:16:11] [INFO] Git commit successful: Checkpoint: phase1_statistical iteration 100
[2025-08-29 15:16:11] [INFO] [Phase1] ============================================================
[2025-08-29 15:16:11] [INFO] [Phase1] PHASE 1 SUMMARY
[2025-08-29 15:16:11] [INFO] [Phase1] Verdict: ROBUST
[2025-08-29 15:16:11] [INFO] [Phase1] Mean advantage: 0.929
[2025-08-29 15:16:11] [INFO] [Phase1] 99% CI: [0.846, 0.968]
[2025-08-29 15:16:11] [INFO] [Phase1] Pass rate: 100.0%
[2025-08-29 15:16:11] [INFO] [Phase1] Duration: 11.5s
[2025-08-29 15:16:11] [INFO] [Phase1] ============================================================
[2025-08-29 15:16:11] [INFO] Results saved: phase1_1756505771
[2025-08-29 15:16:11] [INFO] 
============================================================
[2025-08-29 15:16:11] [INFO] PHASE 2: CONTROL GAUNTLET
[2025-08-29 15:16:11] [INFO] ============================================================
[2025-08-29 15:16:11] [INFO] [Phase2] Starting Control Gauntlet
[2025-08-29 15:16:11] [INFO] [Phase2] Running 8 control tests
[2025-08-29 15:16:11] [INFO] [Phase2] Running control: shuffled_sequences
[2025-08-29 15:16:11] [INFO] [Phase2]   shuffled_sequences: PASSED (expected: FAIL)
[2025-08-29 15:16:11] [INFO] Checkpoint saved: phase2_controls_1_1756505771.pkl
[2025-08-29 15:16:11] [INFO] Git commit successful: Checkpoint: phase2_controls iteration 1
[2025-08-29 15:16:11] [INFO] [Phase2] Running control: shuffled_labels
[2025-08-29 15:16:12] [INFO] [Phase2]   shuffled_labels: PASSED (expected: FAIL)
[2025-08-29 15:16:12] [INFO] Checkpoint saved: phase2_controls_2_1756505772.pkl
