[2025-08-29 15:23:35] [INFO] Falsification Launcher initialized - Session: 20250829_152335
[2025-08-29 15:23:35] [INFO] ================================================================================
[2025-08-29 15:23:35] [INFO] STARTING AGGRESSIVE FALSIFICATION PROTOCOL
[2025-08-29 15:23:35] [INFO] Session ID: 20250829_152335
[2025-08-29 15:23:35] [INFO] Results directory: falsification_results/session_20250829_152335
[2025-08-29 15:23:35] [INFO] ================================================================================
[2025-08-29 15:23:35] [INFO] 
============================================================
[2025-08-29 15:23:35] [INFO] PHASE 1: STATISTICAL BOMBARDMENT
[2025-08-29 15:23:35] [INFO] ============================================================
[2025-08-29 15:23:35] [INFO] [Phase1] Starting statistical bombardment: 100 trials
[2025-08-29 15:23:35] [INFO] [Phase1] Using 2 parallel workers
[2025-08-29 15:23:37] [INFO] [Phase1] Completed 10/100 trials
[2025-08-29 15:23:38] [INFO] [Phase1] Completed 20/100 trials
[2025-08-29 15:23:39] [INFO] [Phase1] Completed 30/100 trials
[2025-08-29 15:23:40] [INFO] [Phase1] Completed 40/100 trials
[2025-08-29 15:23:41] [INFO] [Phase1] Completed 50/100 trials
[2025-08-29 15:23:41] [INFO] Checkpoint saved: phase1_statistical_50_1756506221.pkl
[2025-08-29 15:23:41] [INFO] Git commit successful: Checkpoint: phase1_statistical iteration 50
[2025-08-29 15:23:42] [INFO] [Phase1] Completed 60/100 trials
[2025-08-29 15:23:44] [INFO] [Phase1] Completed 70/100 trials
[2025-08-29 15:23:45] [INFO] [Phase1] Completed 80/100 trials
[2025-08-29 15:23:46] [INFO] [Phase1] Completed 90/100 trials
[2025-08-29 15:23:47] [INFO] [Phase1] Completed 100/100 trials
[2025-08-29 15:23:47] [INFO] Checkpoint saved: phase1_statistical_100_1756506227.pkl
[2025-08-29 15:23:47] [INFO] Git commit successful: Checkpoint: phase1_statistical iteration 100
[2025-08-29 15:23:47] [INFO] [Phase1] ============================================================
[2025-08-29 15:23:47] [INFO] [Phase1] PHASE 1 SUMMARY
[2025-08-29 15:23:47] [INFO] [Phase1] Verdict: FRAGILE
[2025-08-29 15:23:47] [INFO] [Phase1] Mean advantage: -0.441
[2025-08-29 15:23:47] [INFO] [Phase1] 99% CI: [-0.511, -0.361]
[2025-08-29 15:23:47] [INFO] [Phase1] Pass rate: 0.0%
[2025-08-29 15:23:47] [INFO] [Phase1] Duration: 11.9s
[2025-08-29 15:23:47] [INFO] [Phase1] ============================================================
[2025-08-29 15:23:47] [INFO] Results saved: phase1_1756506227
[2025-08-29 15:23:47] [INFO] 
============================================================
[2025-08-29 15:23:47] [INFO] PHASE 2: CONTROL GAUNTLET
[2025-08-29 15:23:47] [INFO] ============================================================
[2025-08-29 15:23:47] [INFO] [Phase2] Starting Control Gauntlet
[2025-08-29 15:23:47] [INFO] [Phase2] Running 8 control tests
[2025-08-29 15:23:47] [INFO] [Phase2] Running control: shuffled_sequences
[2025-08-29 15:23:47] [INFO] [Phase2]   shuffled_sequences: FAILED (expected: FAIL)
[2025-08-29 15:23:47] [INFO] Checkpoint saved: phase2_controls_1_1756506227.pkl
[2025-08-29 15:23:47] [INFO] Git commit successful: Checkpoint: phase2_controls iteration 1
[2025-08-29 15:23:47] [INFO] [Phase2] Running control: shuffled_labels
[2025-08-29 15:23:47] [INFO] [Phase2]   shuffled_labels: FAILED (expected: FAIL)
[2025-08-29 15:23:47] [INFO] Checkpoint saved: phase2_controls_2_1756506227.pkl
[2025-08-29 15:23:48] [INFO] Git commit successful: Checkpoint: phase2_controls iteration 2
[2025-08-29 15:23:48] [INFO] [Phase2] Running control: pure_random_data
[2025-08-29 15:23:48] [INFO] [Phase2]   pure_random_data: FAILED (expected: FAIL)
[2025-08-29 15:23:48] [INFO] Checkpoint saved: phase2_controls_3_1756506228.pkl
[2025-08-29 15:23:48] [INFO] Git commit successful: Checkpoint: phase2_controls iteration 3
[2025-08-29 15:23:48] [INFO] [Phase2] Running control: white_noise
[2025-08-29 15:23:48] [INFO] [Phase2]   white_noise: FAILED (expected: FAIL)
[2025-08-29 15:23:48] [INFO] Checkpoint saved: phase2_controls_4_1756506228.pkl
[2025-08-29 15:23:48] [INFO] Git commit successful: Checkpoint: phase2_controls iteration 4
[2025-08-29 15:23:48] [INFO] [Phase2] Running control: structured_but_unrelated
[2025-08-29 15:23:48] [INFO] [Phase2]   structured_but_unrelated: FAILED (expected: FAIL)
[2025-08-29 15:23:48] [INFO] Checkpoint saved: phase2_controls_5_1756506228.pkl
