[2025-08-29 15:23:02] [INFO] Falsification Launcher initialized - Session: 20250829_152302
[2025-08-29 15:23:02] [INFO] [Phase2] Starting Control Gauntlet
[2025-08-29 15:23:02] [INFO] [Phase2] Running 8 control tests
[2025-08-29 15:23:02] [INFO] [Phase2] Running control: shuffled_sequences
[2025-08-29 15:23:02] [INFO] [Phase2]   shuffled_sequences: FAILED (expected: FAIL)
[2025-08-29 15:23:02] [INFO] Checkpoint saved: phase2_controls_1_1756506182.pkl
[2025-08-29 15:23:02] [INFO] Git commit successful: Checkpoint: phase2_controls iteration 1
[2025-08-29 15:23:02] [INFO] [Phase2] Running control: shuffled_labels
[2025-08-29 15:23:02] [INFO] [Phase2]   shuffled_labels: FAILED (expected: FAIL)
[2025-08-29 15:23:02] [INFO] Checkpoint saved: phase2_controls_2_1756506182.pkl
[2025-08-29 15:23:02] [INFO] Git commit successful: Checkpoint: phase2_controls iteration 2
[2025-08-29 15:23:02] [INFO] [Phase2] Running control: pure_random_data
[2025-08-29 15:23:02] [INFO] [Phase2]   pure_random_data: FAILED (expected: FAIL)
[2025-08-29 15:23:02] [INFO] Checkpoint saved: phase2_controls_3_1756506182.pkl
[2025-08-29 15:23:02] [INFO] Git commit successful: Checkpoint: phase2_controls iteration 3
[2025-08-29 15:23:02] [INFO] [Phase2] Running control: white_noise
[2025-08-29 15:23:03] [INFO] [Phase2]   white_noise: FAILED (expected: FAIL)
[2025-08-29 15:23:03] [INFO] Checkpoint saved: phase2_controls_4_1756506183.pkl
[2025-08-29 15:23:03] [INFO] Git commit successful: Checkpoint: phase2_controls iteration 4
[2025-08-29 15:23:03] [INFO] [Phase2] Running control: structured_but_unrelated
[2025-08-29 15:23:03] [INFO] [Phase2]   structured_but_unrelated: FAILED (expected: FAIL)
[2025-08-29 15:23:03] [INFO] Checkpoint saved: phase2_controls_5_1756506183.pkl
[2025-08-29 15:23:03] [INFO] Git commit successful: Checkpoint: phase2_controls iteration 5
[2025-08-29 15:23:03] [INFO] [Phase2] Running control: domain_reversed
[2025-08-29 15:23:03] [INFO] [Phase2]   domain_reversed: FAILED (expected: FAIL)
[2025-08-29 15:23:03] [INFO] Checkpoint saved: phase2_controls_6_1756506183.pkl
[2025-08-29 15:23:03] [INFO] Git commit successful: Checkpoint: phase2_controls iteration 6
[2025-08-29 15:23:03] [INFO] [Phase2] Running control: temporal_scrambled
[2025-08-29 15:23:03] [INFO] [Phase2]   temporal_scrambled: FAILED (expected: FAIL)
[2025-08-29 15:23:03] [INFO] Checkpoint saved: phase2_controls_7_1756506183.pkl
[2025-08-29 15:23:03] [INFO] Git commit successful: Checkpoint: phase2_controls iteration 7
[2025-08-29 15:23:03] [INFO] [Phase2] Running control: amplitude_randomized
[2025-08-29 15:23:04] [INFO] [Phase2]   amplitude_randomized: FAILED (expected: FAIL)
[2025-08-29 15:23:04] [INFO] Checkpoint saved: phase2_controls_8_1756506184.pkl
[2025-08-29 15:23:04] [INFO] Git commit successful: Checkpoint: phase2_controls iteration 8
[2025-08-29 15:23:04] [INFO] [Phase2] ============================================================
[2025-08-29 15:23:04] [INFO] [Phase2] PHASE 2 SUMMARY
[2025-08-29 15:23:04] [INFO] [Phase2] Verdict: CLEAN
[2025-08-29 15:23:04] [INFO] [Phase2] Controls passed: 0/8 (should be 0)
[2025-08-29 15:23:04] [INFO] [Phase2] Duration: 2.1s
[2025-08-29 15:23:04] [INFO] [Phase2] ============================================================
[2025-08-29 15:23:04] [INFO] Results saved: phase2_1756506184
